[debug] [2022-11-24T07:52:03.306Z] ----------------------------------------------------------------------
[debug] [2022-11-24T07:52:03.308Z] Command:       C:\Program Files\nodejs\node.exe C:\Users\mrhas\AppData\Roaming\npm\node_modules\firebase-tools\lib\bin\firebase.js deploy
[debug] [2022-11-24T07:52:03.308Z] CLI Version:   11.16.0
[debug] [2022-11-24T07:52:03.308Z] Platform:      win32
[debug] [2022-11-24T07:52:03.308Z] Node Version:  v16.15.1
[debug] [2022-11-24T07:52:03.314Z] Time:          Thu Nov 24 2022 13:52:03 GMT+0600 (East Kazakhstan Time)
[debug] [2022-11-24T07:52:03.315Z] ----------------------------------------------------------------------
[debug] 
[debug] [2022-11-24T07:52:03.401Z] > command requires scopes: ["email","openid","https://www.googleapis.com/auth/cloudplatformprojects.readonly","https://www.googleapis.com/auth/firebase","https://www.googleapis.com/auth/cloud-platform"]
[debug] [2022-11-24T07:52:03.402Z] > authorizing via signed-in user (mr.hasan3032@gmail.com)
[debug] [2022-11-24T07:52:03.402Z] [iam] checking project programming-hero-mongodb for permissions ["firebase.projects.get","firebasehosting.sites.update"]
[debug] [2022-11-24T07:52:03.405Z] >>> [apiv2][query] POST https://cloudresourcemanager.googleapis.com/v1/projects/programming-hero-mongodb:testIamPermissions [none]
[debug] [2022-11-24T07:52:03.405Z] >>> [apiv2][(partial)header] POST https://cloudresourcemanager.googleapis.com/v1/projects/programming-hero-mongodb:testIamPermissions x-goog-quota-user=projects/programming-hero-mongodb
[debug] [2022-11-24T07:52:03.405Z] >>> [apiv2][body] POST https://cloudresourcemanager.googleapis.com/v1/projects/programming-hero-mongodb:testIamPermissions {"permissions":["firebase.projects.get","firebasehosting.sites.update"]}
[debug] [2022-11-24T07:52:07.108Z] <<< [apiv2][status] POST https://cloudresourcemanager.googleapis.com/v1/projects/programming-hero-mongodb:testIamPermissions 200
[debug] [2022-11-24T07:52:07.108Z] <<< [apiv2][body] POST https://cloudresourcemanager.googleapis.com/v1/projects/programming-hero-mongodb:testIamPermissions {"permissions":["firebase.projects.get","firebasehosting.sites.update"]}
[debug] [2022-11-24T07:52:07.110Z] >>> [apiv2][query] GET https://firebase.googleapis.com/v1beta1/projects/programming-hero-mongodb [none]
[debug] [2022-11-24T07:52:13.563Z] <<< [apiv2][status] GET https://firebase.googleapis.com/v1beta1/projects/programming-hero-mongodb 200
[debug] [2022-11-24T07:52:13.564Z] <<< [apiv2][body] GET https://firebase.googleapis.com/v1beta1/projects/programming-hero-mongodb {"projectId":"programming-hero-mongodb","projectNumber":"277026172972","displayName":"programming-hero-mongodb","name":"projects/programming-hero-mongodb","resources":{"hostingSite":"programming-hero-mongodb"},"state":"ACTIVE","etag":"1_af0b27d1-1ddc-455a-8f0f-9f0bbf347861"}
[info] 
[info] === Deploying to 'programming-hero-mongodb'...
[info] 
[info] i  deploying hosting 
[debug] [2022-11-24T07:52:13.576Z] >>> [apiv2][query] POST https://firebasehosting.googleapis.com/v1beta1/projects/-/sites/paradox-cars/versions [none]
[debug] [2022-11-24T07:52:13.576Z] >>> [apiv2][body] POST https://firebasehosting.googleapis.com/v1beta1/projects/-/sites/paradox-cars/versions {"status":"CREATED","labels":{"deployment-tool":"cli-firebase"}}
[debug] [2022-11-24T07:52:17.386Z] <<< [apiv2][status] POST https://firebasehosting.googleapis.com/v1beta1/projects/-/sites/paradox-cars/versions 200
[debug] [2022-11-24T07:52:17.387Z] <<< [apiv2][body] POST https://firebasehosting.googleapis.com/v1beta1/projects/-/sites/paradox-cars/versions {"name":"projects/277026172972/sites/paradox-cars/versions/51e658dbf872c76e","status":"CREATED","config":{},"labels":{"deployment-tool":"cli-firebase"}}
[info] i  hosting[paradox-cars]: beginning deploy... 
[info] i  hosting[paradox-cars]: found 20 files in build 
[debug] [2022-11-24T07:52:17.410Z] [hosting] uploading with 200 concurrency
[debug] [2022-11-24T07:52:18.606Z] [hosting] hash cache [YnVpbGQ] stored for 20 files
[debug] [2022-11-24T07:52:18.606Z] [hosting][hash queue][FINAL] {"max":1179,"min":6,"avg":145.05,"active":0,"complete":20,"success":20,"errored":0,"retried":0,"total":20,"elapsed":1188}
[debug] [2022-11-24T07:52:18.607Z] >>> [apiv2][query] POST https://firebasehosting.googleapis.com/v1beta1/projects/277026172972/sites/paradox-cars/versions/51e658dbf872c76e:populateFiles [none]
[debug] [2022-11-24T07:52:18.607Z] >>> [apiv2][body] POST https://firebasehosting.googleapis.com/v1beta1/projects/277026172972/sites/paradox-cars/versions/51e658dbf872c76e:populateFiles {"files":{"/car.json":"2d2d6ebeabad9ac18a9c806b013c39ecbeb088fac5b83f544374f597f5d73489","/favicon.ico":"eae62e993eb980ec8a25058c39d5a51feab118bd2100c4deebb2a9c158ec11f9","/logo192.png":"3ee59515172ee198f3be375979df15ac5345183e656720a381b8872b2a39dc8b","/logo512.png":"ee7e2f3fdb8209c4b6fd7bef6ba50d1b9dba30a25bb5c3126df057e1cb6f5331","/manifest.json":"aff3449bdc238776f5d6d967f19ec491b36aed5fb7f23ccff6500736fd58494a","/robots.txt":"bfe106a3fb878dc83461c86818bf74fc1bdc7f28538ba613cd3e775516ce8b49","/asset-manifest.json":"bb9a0a49e86608d127475a34c0c16255837e09c1b97622796db96d55dccb0f6e","/index.html":"5b0aa3f3697a2d44728c5502747aefb6c7cbd17dccd80632f40d3b34ea5b7f84","/static/js/787.28cb0dcd.chunk.js":"b72129aadef2b1cce5f847b935b4b58bca879c736479ede4c4e80bccf03f82a0","/static/js/main.3f68f58c.js.LICENSE.txt":"19416005774e4bae5ee5bffb9946dac4a456da866345a6a546f4762f949baf01","/static/js/787.28cb0dcd.chunk.js.map":"7f861e631c0bfc95128bc71fc8bd95a1dbdfe31dc0d8d063e60464968cf1c800","/static/css/main.2c1ffd72.css.map":"8026409e14cc1a3786104f448a319288d19daa019dfa88f0c12b25764a6c4931","/static/css/main.2c1ffd72.css":"b3b74a7d119a9debe6610a228eef72ed5b8188f62f33dbe05047045cc33da1db","/static/media/6.f4ce10e6f300a8916742.png":"779a735f612e5634b04560b50f8fe67272f3ae024bfb320de974ac942188055d","/static/media/3.c91e1e0921121617da2a.jpg":"7e1c8faf6bba42b855594fb973e62d36ff9a0b356c40c866e6db447cfafa0cbb","/static/media/parts.5d7c45c1faece42734fc.jpg":"3178b25f1ab4c5f49150630cda51590b932525d6994cd67205bb53eafaf9d686","/static/js/main.3f68f58c.js":"44566f0d35c151ae9553ee8b9f62f4a76581f1b4e5f30d099a9b21dff304c0c5","/static/media/1.4e475131b84d3136b09f.jpg":"da85d9cfa30538f966c31890b54c722e1f0887eeef3d4f7edad47ee70ff92f34","/static/media/2.633a6ac636906e1d0fad.jpg":"ef023e953537750a0677dd7d4842cc5f092507bfb64f4f73ee50f73ac6a3e968","/static/js/main.3f68f58c.js.map":"e314ad679bc4069551dac4376afbbb3bd5d07c131aaaefaea10dd5869f3b76c7"}}
[debug] [2022-11-24T07:52:20.641Z] <<< [apiv2][status] POST https://firebasehosting.googleapis.com/v1beta1/projects/277026172972/sites/paradox-cars/versions/51e658dbf872c76e:populateFiles 200
[debug] [2022-11-24T07:52:20.641Z] <<< [apiv2][body] POST https://firebasehosting.googleapis.com/v1beta1/projects/277026172972/sites/paradox-cars/versions/51e658dbf872c76e:populateFiles {"uploadRequiredHashes":["44566f0d35c151ae9553ee8b9f62f4a76581f1b4e5f30d099a9b21dff304c0c5","bb9a0a49e86608d127475a34c0c16255837e09c1b97622796db96d55dccb0f6e","5b0aa3f3697a2d44728c5502747aefb6c7cbd17dccd80632f40d3b34ea5b7f84","e314ad679bc4069551dac4376afbbb3bd5d07c131aaaefaea10dd5869f3b76c7"],"uploadUrl":"https://upload-firebasehosting.googleapis.com/upload/sites/paradox-cars/versions/51e658dbf872c76e/files"}
[debug] [2022-11-24T07:52:20.645Z] >>> [apiv2][query] POST https://upload-firebasehosting.googleapis.com/upload/sites/paradox-cars/versions/51e658dbf872c76e/files/44566f0d35c151ae9553ee8b9f62f4a76581f1b4e5f30d099a9b21dff304c0c5 [none]
[debug] [2022-11-24T07:52:20.645Z] >>> [apiv2][body] POST https://upload-firebasehosting.googleapis.com/upload/sites/paradox-cars/versions/51e658dbf872c76e/files/44566f0d35c151ae9553ee8b9f62f4a76581f1b4e5f30d099a9b21dff304c0c5 [stream]
[debug] [2022-11-24T07:52:20.648Z] >>> [apiv2][query] POST https://upload-firebasehosting.googleapis.com/upload/sites/paradox-cars/versions/51e658dbf872c76e/files/bb9a0a49e86608d127475a34c0c16255837e09c1b97622796db96d55dccb0f6e [none]
[debug] [2022-11-24T07:52:20.648Z] >>> [apiv2][body] POST https://upload-firebasehosting.googleapis.com/upload/sites/paradox-cars/versions/51e658dbf872c76e/files/bb9a0a49e86608d127475a34c0c16255837e09c1b97622796db96d55dccb0f6e [stream]
[debug] [2022-11-24T07:52:20.649Z] >>> [apiv2][query] POST https://upload-firebasehosting.googleapis.com/upload/sites/paradox-cars/versions/51e658dbf872c76e/files/5b0aa3f3697a2d44728c5502747aefb6c7cbd17dccd80632f40d3b34ea5b7f84 [none]
[debug] [2022-11-24T07:52:20.649Z] >>> [apiv2][body] POST https://upload-firebasehosting.googleapis.com/upload/sites/paradox-cars/versions/51e658dbf872c76e/files/5b0aa3f3697a2d44728c5502747aefb6c7cbd17dccd80632f40d3b34ea5b7f84 [stream]
[debug] [2022-11-24T07:52:20.650Z] >>> [apiv2][query] POST https://upload-firebasehosting.googleapis.com/upload/sites/paradox-cars/versions/51e658dbf872c76e/files/e314ad679bc4069551dac4376afbbb3bd5d07c131aaaefaea10dd5869f3b76c7 [none]
[debug] [2022-11-24T07:52:20.650Z] >>> [apiv2][body] POST https://upload-firebasehosting.googleapis.com/upload/sites/paradox-cars/versions/51e658dbf872c76e/files/e314ad679bc4069551dac4376afbbb3bd5d07c131aaaefaea10dd5869f3b76c7 [stream]
[debug] [2022-11-24T07:52:20.651Z] [hosting][populate queue][FINAL] {"max":2041,"min":2041,"avg":2041,"active":0,"complete":1,"success":1,"errored":0,"retried":0,"total":1,"elapsed":2048}
[debug] [2022-11-24T07:52:20.651Z] [hosting] uploads queued: 4
[debug] [2022-11-24T07:52:23.943Z] <<< [apiv2][status] POST https://upload-firebasehosting.googleapis.com/upload/sites/paradox-cars/versions/51e658dbf872c76e/files/bb9a0a49e86608d127475a34c0c16255837e09c1b97622796db96d55dccb0f6e 200
[debug] [2022-11-24T07:52:23.943Z] <<< [apiv2][body] POST https://upload-firebasehosting.googleapis.com/upload/sites/paradox-cars/versions/51e658dbf872c76e/files/bb9a0a49e86608d127475a34c0c16255837e09c1b97622796db96d55dccb0f6e [stream]
[debug] [2022-11-24T07:52:24.427Z] <<< [apiv2][status] POST https://upload-firebasehosting.googleapis.com/upload/sites/paradox-cars/versions/51e658dbf872c76e/files/5b0aa3f3697a2d44728c5502747aefb6c7cbd17dccd80632f40d3b34ea5b7f84 200
[debug] [2022-11-24T07:52:24.427Z] <<< [apiv2][body] POST https://upload-firebasehosting.googleapis.com/upload/sites/paradox-cars/versions/51e658dbf872c76e/files/5b0aa3f3697a2d44728c5502747aefb6c7cbd17dccd80632f40d3b34ea5b7f84 [stream]
[debug] [2022-11-24T07:52:29.143Z] <<< [apiv2][status] POST https://upload-firebasehosting.googleapis.com/upload/sites/paradox-cars/versions/51e658dbf872c76e/files/44566f0d35c151ae9553ee8b9f62f4a76581f1b4e5f30d099a9b21dff304c0c5 200
[debug] [2022-11-24T07:52:29.144Z] <<< [apiv2][body] POST https://upload-firebasehosting.googleapis.com/upload/sites/paradox-cars/versions/51e658dbf872c76e/files/44566f0d35c151ae9553ee8b9f62f4a76581f1b4e5f30d099a9b21dff304c0c5 [stream]
[debug] [2022-11-24T07:52:39.778Z] <<< [apiv2][status] POST https://upload-firebasehosting.googleapis.com/upload/sites/paradox-cars/versions/51e658dbf872c76e/files/e314ad679bc4069551dac4376afbbb3bd5d07c131aaaefaea10dd5869f3b76c7 200
[debug] [2022-11-24T07:52:39.779Z] <<< [apiv2][body] POST https://upload-firebasehosting.googleapis.com/upload/sites/paradox-cars/versions/51e658dbf872c76e/files/e314ad679bc4069551dac4376afbbb3bd5d07c131aaaefaea10dd5869f3b76c7 [stream]
[debug] [2022-11-24T07:52:39.779Z] [hosting][upload queue][FINAL] {"max":19135,"min":3300,"avg":8680.25,"active":0,"complete":4,"success":4,"errored":0,"retried":0,"total":4,"elapsed":19138}
[info] +  hosting[paradox-cars]: file upload complete 
[debug] [2022-11-24T07:52:39.782Z] [hosting] deploy completed after 22394ms
[debug] [2022-11-24T07:52:39.787Z] [
  {
    "config": {
      "site": "paradox-cars",
      "public": "build",
      "ignore": [
        "firebase.json",
        "**/.*",
        "**/node_modules/**"
      ],
      "rewrites": [
        {
          "source": "**",
          "destination": "/index.html"
        }
      ]
    },
    "version": "projects/277026172972/sites/paradox-cars/versions/51e658dbf872c76e"
  }
]
[info] i  hosting[paradox-cars]: finalizing version... 
[debug] [2022-11-24T07:52:39.793Z] >>> [apiv2][query] PATCH https://firebasehosting.googleapis.com/v1beta1/projects/-/sites/paradox-cars/versions/51e658dbf872c76e updateMask=status%2Cconfig
[debug] [2022-11-24T07:52:39.793Z] >>> [apiv2][body] PATCH https://firebasehosting.googleapis.com/v1beta1/projects/-/sites/paradox-cars/versions/51e658dbf872c76e {"status":"FINALIZED","config":{"rewrites":[{"glob":"**","path":"/index.html"}]}}
[debug] [2022-11-24T07:52:57.729Z] Error: Timed out.
    at Timeout._onTimeout (C:\Users\mrhas\AppData\Roaming\npm\node_modules\firebase-tools\lib\utils.js:253:49)
    at listOnTimeout (node:internal/timers:559:17)
    at processTimers (node:internal/timers:502:7)
[error] 
[error] Error: An unexpected error has occurred.
[debug] [2022-11-24T07:53:07.552Z] ----------------------------------------------------------------------
[debug] [2022-11-24T07:53:07.554Z] Command:       C:\Program Files\nodejs\node.exe C:\Users\mrhas\AppData\Roaming\npm\node_modules\firebase-tools\lib\bin\firebase.js deploy
[debug] [2022-11-24T07:53:07.555Z] CLI Version:   11.16.0
[debug] [2022-11-24T07:53:07.555Z] Platform:      win32
[debug] [2022-11-24T07:53:07.555Z] Node Version:  v16.15.1
[debug] [2022-11-24T07:53:07.560Z] Time:          Thu Nov 24 2022 13:53:07 GMT+0600 (East Kazakhstan Time)
[debug] [2022-11-24T07:53:07.560Z] ----------------------------------------------------------------------
[debug] 
[debug] [2022-11-24T07:53:07.669Z] > command requires scopes: ["email","openid","https://www.googleapis.com/auth/cloudplatformprojects.readonly","https://www.googleapis.com/auth/firebase","https://www.googleapis.com/auth/cloud-platform"]
[debug] [2022-11-24T07:53:07.670Z] > authorizing via signed-in user (mr.hasan3032@gmail.com)
[debug] [2022-11-24T07:53:07.670Z] [iam] checking project programming-hero-mongodb for permissions ["firebase.projects.get","firebasehosting.sites.update"]
[debug] [2022-11-24T07:53:07.676Z] >>> [apiv2][query] POST https://cloudresourcemanager.googleapis.com/v1/projects/programming-hero-mongodb:testIamPermissions [none]
[debug] [2022-11-24T07:53:07.677Z] >>> [apiv2][(partial)header] POST https://cloudresourcemanager.googleapis.com/v1/projects/programming-hero-mongodb:testIamPermissions x-goog-quota-user=projects/programming-hero-mongodb
[debug] [2022-11-24T07:53:07.677Z] >>> [apiv2][body] POST https://cloudresourcemanager.googleapis.com/v1/projects/programming-hero-mongodb:testIamPermissions {"permissions":["firebase.projects.get","firebasehosting.sites.update"]}
[debug] [2022-11-24T07:53:21.241Z] <<< [apiv2][status] POST https://cloudresourcemanager.googleapis.com/v1/projects/programming-hero-mongodb:testIamPermissions 200
[debug] [2022-11-24T07:53:21.241Z] <<< [apiv2][body] POST https://cloudresourcemanager.googleapis.com/v1/projects/programming-hero-mongodb:testIamPermissions {"permissions":["firebase.projects.get","firebasehosting.sites.update"]}
[debug] [2022-11-24T07:53:21.243Z] >>> [apiv2][query] GET https://firebase.googleapis.com/v1beta1/projects/programming-hero-mongodb [none]
[debug] [2022-11-24T07:53:24.226Z] <<< [apiv2][status] GET https://firebase.googleapis.com/v1beta1/projects/programming-hero-mongodb 200
[debug] [2022-11-24T07:53:24.227Z] <<< [apiv2][body] GET https://firebase.googleapis.com/v1beta1/projects/programming-hero-mongodb {"projectId":"programming-hero-mongodb","projectNumber":"277026172972","displayName":"programming-hero-mongodb","name":"projects/programming-hero-mongodb","resources":{"hostingSite":"programming-hero-mongodb"},"state":"ACTIVE","etag":"1_af0b27d1-1ddc-455a-8f0f-9f0bbf347861"}
[info] 
[info] === Deploying to 'programming-hero-mongodb'...
[info] 
[info] i  deploying hosting 
[debug] [2022-11-24T07:53:24.235Z] >>> [apiv2][query] POST https://firebasehosting.googleapis.com/v1beta1/projects/-/sites/paradox-cars/versions [none]
[debug] [2022-11-24T07:53:24.236Z] >>> [apiv2][body] POST https://firebasehosting.googleapis.com/v1beta1/projects/-/sites/paradox-cars/versions {"status":"CREATED","labels":{"deployment-tool":"cli-firebase"}}
[debug] [2022-11-24T07:53:28.902Z] <<< [apiv2][status] POST https://firebasehosting.googleapis.com/v1beta1/projects/-/sites/paradox-cars/versions 200
[debug] [2022-11-24T07:53:28.902Z] <<< [apiv2][body] POST https://firebasehosting.googleapis.com/v1beta1/projects/-/sites/paradox-cars/versions {"name":"projects/277026172972/sites/paradox-cars/versions/b4b6263d5368463d","status":"CREATED","config":{},"labels":{"deployment-tool":"cli-firebase"}}
[info] i  hosting[paradox-cars]: beginning deploy... 
[info] i  hosting[paradox-cars]: found 20 files in build 
[debug] [2022-11-24T07:53:28.922Z] [hosting] uploading with 200 concurrency
[debug] [2022-11-24T07:53:28.933Z] [hosting] hash cache [YnVpbGQ] stored for 20 files
[debug] [2022-11-24T07:53:28.934Z] [hosting][hash queue][FINAL] {"max":3,"min":0,"avg":0,"active":0,"complete":20,"success":20,"errored":0,"retried":0,"total":20,"elapsed":8}
[debug] [2022-11-24T07:53:28.935Z] >>> [apiv2][query] POST https://firebasehosting.googleapis.com/v1beta1/projects/277026172972/sites/paradox-cars/versions/b4b6263d5368463d:populateFiles [none]
[debug] [2022-11-24T07:53:28.935Z] >>> [apiv2][body] POST https://firebasehosting.googleapis.com/v1beta1/projects/277026172972/sites/paradox-cars/versions/b4b6263d5368463d:populateFiles {"files":{"/asset-manifest.json":"bb9a0a49e86608d127475a34c0c16255837e09c1b97622796db96d55dccb0f6e","/car.json":"2d2d6ebeabad9ac18a9c806b013c39ecbeb088fac5b83f544374f597f5d73489","/favicon.ico":"eae62e993eb980ec8a25058c39d5a51feab118bd2100c4deebb2a9c158ec11f9","/index.html":"5b0aa3f3697a2d44728c5502747aefb6c7cbd17dccd80632f40d3b34ea5b7f84","/logo192.png":"3ee59515172ee198f3be375979df15ac5345183e656720a381b8872b2a39dc8b","/logo512.png":"ee7e2f3fdb8209c4b6fd7bef6ba50d1b9dba30a25bb5c3126df057e1cb6f5331","/manifest.json":"aff3449bdc238776f5d6d967f19ec491b36aed5fb7f23ccff6500736fd58494a","/robots.txt":"bfe106a3fb878dc83461c86818bf74fc1bdc7f28538ba613cd3e775516ce8b49","/static/css/main.2c1ffd72.css":"b3b74a7d119a9debe6610a228eef72ed5b8188f62f33dbe05047045cc33da1db","/static/css/main.2c1ffd72.css.map":"8026409e14cc1a3786104f448a319288d19daa019dfa88f0c12b25764a6c4931","/static/js/787.28cb0dcd.chunk.js":"b72129aadef2b1cce5f847b935b4b58bca879c736479ede4c4e80bccf03f82a0","/static/js/787.28cb0dcd.chunk.js.map":"7f861e631c0bfc95128bc71fc8bd95a1dbdfe31dc0d8d063e60464968cf1c800","/static/js/main.3f68f58c.js":"44566f0d35c151ae9553ee8b9f62f4a76581f1b4e5f30d099a9b21dff304c0c5","/static/js/main.3f68f58c.js.LICENSE.txt":"19416005774e4bae5ee5bffb9946dac4a456da866345a6a546f4762f949baf01","/static/js/main.3f68f58c.js.map":"e314ad679bc4069551dac4376afbbb3bd5d07c131aaaefaea10dd5869f3b76c7","/static/media/1.4e475131b84d3136b09f.jpg":"da85d9cfa30538f966c31890b54c722e1f0887eeef3d4f7edad47ee70ff92f34","/static/media/2.633a6ac636906e1d0fad.jpg":"ef023e953537750a0677dd7d4842cc5f092507bfb64f4f73ee50f73ac6a3e968","/static/media/3.c91e1e0921121617da2a.jpg":"7e1c8faf6bba42b855594fb973e62d36ff9a0b356c40c866e6db447cfafa0cbb","/static/media/6.f4ce10e6f300a8916742.png":"779a735f612e5634b04560b50f8fe67272f3ae024bfb320de974ac942188055d","/static/media/parts.5d7c45c1faece42734fc.jpg":"3178b25f1ab4c5f49150630cda51590b932525d6994cd67205bb53eafaf9d686"}}
[debug] [2022-11-24T07:53:32.781Z] <<< [apiv2][status] POST https://firebasehosting.googleapis.com/v1beta1/projects/277026172972/sites/paradox-cars/versions/b4b6263d5368463d:populateFiles 200
[debug] [2022-11-24T07:53:32.782Z] <<< [apiv2][body] POST https://firebasehosting.googleapis.com/v1beta1/projects/277026172972/sites/paradox-cars/versions/b4b6263d5368463d:populateFiles {"uploadUrl":"https://upload-firebasehosting.googleapis.com/upload/sites/paradox-cars/versions/b4b6263d5368463d/files"}
[debug] [2022-11-24T07:53:32.782Z] [hosting][populate queue][FINAL] {"max":3853,"min":3853,"avg":3853,"active":0,"complete":1,"success":1,"errored":0,"retried":0,"total":1,"elapsed":3853}
[debug] [2022-11-24T07:53:32.782Z] [hosting] uploads queued: 0
[debug] [2022-11-24T07:53:32.782Z] [hosting][upload queue][FINAL] {"max":0,"min":9999999999,"avg":0,"active":0,"complete":0,"success":0,"errored":0,"retried":0,"total":0,"elapsed":1669276412782}
[info] +  hosting[paradox-cars]: file upload complete 
[debug] [2022-11-24T07:53:32.784Z] [hosting] deploy completed after 3880ms
[debug] [2022-11-24T07:53:32.787Z] [
  {
    "config": {
      "site": "paradox-cars",
      "public": "build",
      "ignore": [
        "firebase.json",
        "**/.*",
        "**/node_modules/**"
      ],
      "rewrites": [
        {
          "source": "**",
          "destination": "/index.html"
        }
      ]
    },
    "version": "projects/277026172972/sites/paradox-cars/versions/b4b6263d5368463d"
  }
]
[info] i  hosting[paradox-cars]: finalizing version... 
[debug] [2022-11-24T07:53:32.791Z] >>> [apiv2][query] PATCH https://firebasehosting.googleapis.com/v1beta1/projects/-/sites/paradox-cars/versions/b4b6263d5368463d updateMask=status%2Cconfig
[debug] [2022-11-24T07:53:32.792Z] >>> [apiv2][body] PATCH https://firebasehosting.googleapis.com/v1beta1/projects/-/sites/paradox-cars/versions/b4b6263d5368463d {"status":"FINALIZED","config":{"rewrites":[{"glob":"**","path":"/index.html"}]}}
[debug] [2022-11-24T07:53:36.835Z] <<< [apiv2][status] PATCH https://firebasehosting.googleapis.com/v1beta1/projects/-/sites/paradox-cars/versions/b4b6263d5368463d 200
[debug] [2022-11-24T07:53:36.835Z] <<< [apiv2][body] PATCH https://firebasehosting.googleapis.com/v1beta1/projects/-/sites/paradox-cars/versions/b4b6263d5368463d {"name":"projects/277026172972/sites/paradox-cars/versions/b4b6263d5368463d","status":"FINALIZED","config":{"rewrites":[{"glob":"**","path":"/index.html"}]},"labels":{"deployment-tool":"cli-firebase"},"createTime":"2022-11-24T07:53:28.338494Z","createUser":{"email":"mr.hasan3032@gmail.com"},"finalizeTime":"2022-11-24T07:53:36.856184Z","finalizeUser":{"email":"mr.hasan3032@gmail.com"}}
[debug] [2022-11-24T07:53:36.835Z] [hosting] finalized version for paradox-cars:[object Object]
[info] +  hosting[paradox-cars]: version finalized 
[info] i  hosting[paradox-cars]: releasing new version... 
[debug] [2022-11-24T07:53:36.838Z] >>> [apiv2][query] POST https://firebasehosting.googleapis.com/v1beta1/projects/-/sites/paradox-cars/channels/live/releases versionName=projects%2F277026172972%2Fsites%2Fparadox-cars%2Fversions%2Fb4b6263d5368463d
[debug] [2022-11-24T07:53:36.838Z] >>> [apiv2][body] POST https://firebasehosting.googleapis.com/v1beta1/projects/-/sites/paradox-cars/channels/live/releases {}
[debug] [2022-11-24T07:53:42.738Z] <<< [apiv2][status] POST https://firebasehosting.googleapis.com/v1beta1/projects/-/sites/paradox-cars/channels/live/releases 200
[debug] [2022-11-24T07:53:42.738Z] <<< [apiv2][body] POST https://firebasehosting.googleapis.com/v1beta1/projects/-/sites/paradox-cars/channels/live/releases {"name":"projects/277026172972/sites/paradox-cars/channels/live/releases/1669276421840801","version":{"name":"projects/277026172972/sites/paradox-cars/versions/b4b6263d5368463d","status":"FINALIZED","config":{"rewrites":[{"glob":"**","path":"/index.html"}]},"labels":{"deployment-tool":"cli-firebase"},"createTime":"2022-11-24T07:53:28.338494Z","createUser":{"email":"mr.hasan3032@gmail.com","imageUrl":"https://lh3.googleusercontent.com/a/ALm5wu27Hae5wAreOYArD6sJysNFmTVvwfU3MpJCmUn-iQ"},"finalizeTime":"2022-11-24T07:53:36.856184Z","finalizeUser":{"email":"mr.hasan3032@gmail.com","imageUrl":"https://lh3.googleusercontent.com/a/ALm5wu27Hae5wAreOYArD6sJysNFmTVvwfU3MpJCmUn-iQ"}},"type":"DEPLOY","releaseTime":"2022-11-24T07:53:41.840801079Z","releaseUser":{"email":"mr.hasan3032@gmail.com","imageUrl":"https://lh3.googleusercontent.com/a/ALm5wu27Hae5wAreOYArD6sJysNFmTVvwfU3MpJCmUn-iQ"}}
[debug] [2022-11-24T07:53:42.738Z] [hosting] release: {"name":"projects/277026172972/sites/paradox-cars/channels/live/releases/1669276421840801","version":{"name":"projects/277026172972/sites/paradox-cars/versions/b4b6263d5368463d","status":"FINALIZED","config":{"rewrites":[{"glob":"**","path":"/index.html"}]},"labels":{"deployment-tool":"cli-firebase"},"createTime":"2022-11-24T07:53:28.338494Z","createUser":{"email":"mr.hasan3032@gmail.com","imageUrl":"https://lh3.googleusercontent.com/a/ALm5wu27Hae5wAreOYArD6sJysNFmTVvwfU3MpJCmUn-iQ"},"finalizeTime":"2022-11-24T07:53:36.856184Z","finalizeUser":{"email":"mr.hasan3032@gmail.com","imageUrl":"https://lh3.googleusercontent.com/a/ALm5wu27Hae5wAreOYArD6sJysNFmTVvwfU3MpJCmUn-iQ"}},"type":"DEPLOY","releaseTime":"2022-11-24T07:53:41.840801079Z","releaseUser":{"email":"mr.hasan3032@gmail.com","imageUrl":"https://lh3.googleusercontent.com/a/ALm5wu27Hae5wAreOYArD6sJysNFmTVvwfU3MpJCmUn-iQ"}}
[info] +  hosting[paradox-cars]: release complete 
[info] 
[info] +  Deploy complete! 
[info] 
[info] Project Console: https://console.firebase.google.com/project/programming-hero-mongodb/overview
[info] Hosting URL: https://paradox-cars.web.app
[debug] [2022-11-24T07:54:05.120Z] Error: Timed out.
    at Timeout._onTimeout (C:\Users\mrhas\AppData\Roaming\npm\node_modules\firebase-tools\lib\utils.js:253:49)
    at listOnTimeout (node:internal/timers:559:17)
    at processTimers (node:internal/timers:502:7)
[error] 
[error] Error: An unexpected error has occurred.
